<?xml version="1.0" encoding="UTF-8"?>
<testng-results ignored="0" total="1" passed="1" failed="0" skipped="0">
  <reporter-output>
  </reporter-output>
  <suite started-at="2026-02-02T21:42:48 IST" name="Default suite" finished-at="2026-02-02T21:42:59 IST" duration-ms="10673">
    <groups>
    </groups>
    <test started-at="2026-02-02T21:42:48 IST" name="Default test" finished-at="2026-02-02T21:42:59 IST" duration-ms="10673">
      <class name="RohitPrajapati.BaseLibrary">
        <test-method signature="launchurl()[pri:0, instance:RohitPrajapati.BaseLibrary@36fc695d]" started-at="2026-02-02T21:42:48 IST" name="launchurl" finished-at="2026-02-02T21:42:59 IST" duration-ms="10555" status="PASS">
          <reporter-output>
          </reporter-output>
        </test-method> <!-- launchurl -->
      </class> <!-- RohitPrajapati.BaseLibrary -->
    </test> <!-- Default test -->
  </suite> <!-- Default suite -->
</testng-results>
